0 info it worked if it ends with ok
1 verbose cli [ 'C:\\Program Files\\nodejs\\node.exe',
1 verbose cli   'C:\\Program Files\\nodejs\\node_modules\\npm\\bin\\npm-cli.js',
1 verbose cli   'install',
1 verbose cli   'g-mysql',
1 verbose cli   '--save' ]
2 info using npm@2.15.9
3 info using node@v4.6.0
4 verbose install initial load of C:\Users\rvall\Dev\Bamazon\package.json
5 warn package.json bamazon@1.0.0 No description
6 warn package.json bamazon@1.0.0 No repository field.
7 warn package.json bamazon@1.0.0 No README data
8 verbose installManyTop reading scoped package data from C:\Users\rvall\Dev\Bamazon\node_modules\inquirer\package.json
9 verbose readDependencies loading dependencies from C:\Users\rvall\Dev\Bamazon\package.json
10 silly cache add args [ 'g-mysql', null ]
11 verbose cache add spec g-mysql
12 silly cache add parsed spec Result {
12 silly cache add   raw: 'g-mysql',
12 silly cache add   scope: null,
12 silly cache add   name: 'g-mysql',
12 silly cache add   rawSpec: '',
12 silly cache add   spec: 'latest',
12 silly cache add   type: 'tag' }
13 silly addNamed g-mysql@latest
14 verbose addNamed "latest" is being treated as a dist-tag for g-mysql
15 info addNameTag [ 'g-mysql', 'latest' ]
16 silly mapToRegistry name g-mysql
17 silly mapToRegistry using default registry
18 silly mapToRegistry registry https://registry.npmjs.org/
19 silly mapToRegistry data Result {
19 silly mapToRegistry   raw: 'g-mysql',
19 silly mapToRegistry   scope: null,
19 silly mapToRegistry   name: 'g-mysql',
19 silly mapToRegistry   rawSpec: '',
19 silly mapToRegistry   spec: 'latest',
19 silly mapToRegistry   type: 'tag' }
20 silly mapToRegistry uri https://registry.npmjs.org/g-mysql
21 verbose addNameTag registry:https://registry.npmjs.org/g-mysql not in flight; fetching
22 verbose request uri https://registry.npmjs.org/g-mysql
23 verbose request no auth needed
24 info attempt registry request try #1 at 2:33:12 PM
25 verbose request id 2d45133804142de1
26 http request GET https://registry.npmjs.org/g-mysql
27 http 404 https://registry.npmjs.org/g-mysql
28 verbose headers { 'content-type': 'application/json',
28 verbose headers   'cache-control': 'max-age=0',
28 verbose headers   'content-length': '2',
28 verbose headers   'accept-ranges': 'bytes',
28 verbose headers   date: 'Tue, 07 Feb 2017 20:33:10 GMT',
28 verbose headers   via: '1.1 varnish',
28 verbose headers   age: '0',
28 verbose headers   connection: 'keep-alive',
28 verbose headers   'x-served-by': 'cache-dfw1823-DFW',
28 verbose headers   'x-cache': 'MISS',
28 verbose headers   'x-cache-hits': '0',
28 verbose headers   'x-timer': 'S1486499590.279190,VS0,VE242',
28 verbose headers   vary: 'Accept-Encoding' }
29 silly get cb [ 404,
29 silly get   { 'content-type': 'application/json',
29 silly get     'cache-control': 'max-age=0',
29 silly get     'content-length': '2',
29 silly get     'accept-ranges': 'bytes',
29 silly get     date: 'Tue, 07 Feb 2017 20:33:10 GMT',
29 silly get     via: '1.1 varnish',
29 silly get     age: '0',
29 silly get     connection: 'keep-alive',
29 silly get     'x-served-by': 'cache-dfw1823-DFW',
29 silly get     'x-cache': 'MISS',
29 silly get     'x-cache-hits': '0',
29 silly get     'x-timer': 'S1486499590.279190,VS0,VE242',
29 silly get     vary: 'Accept-Encoding' } ]
30 verbose stack Error: Registry returned 404 for GET on https://registry.npmjs.org/g-mysql
30 verbose stack     at makeError (C:\Program Files\nodejs\node_modules\npm\node_modules\npm-registry-client\lib\request.js:264:12)
30 verbose stack     at CachingRegistryClient.<anonymous> (C:\Program Files\nodejs\node_modules\npm\node_modules\npm-registry-client\lib\request.js:242:14)
30 verbose stack     at Request._callback (C:\Program Files\nodejs\node_modules\npm\node_modules\npm-registry-client\lib\request.js:172:14)
30 verbose stack     at Request.self.callback (C:\Program Files\nodejs\node_modules\npm\node_modules\request\request.js:200:22)
30 verbose stack     at emitTwo (events.js:87:13)
30 verbose stack     at Request.emit (events.js:172:7)
30 verbose stack     at Request.<anonymous> (C:\Program Files\nodejs\node_modules\npm\node_modules\request\request.js:1067:10)
30 verbose stack     at emitOne (events.js:82:20)
30 verbose stack     at Request.emit (events.js:169:7)
30 verbose stack     at IncomingMessage.<anonymous> (C:\Program Files\nodejs\node_modules\npm\node_modules\request\request.js:988:12)
31 verbose statusCode 404
32 verbose pkgid g-mysql
33 verbose cwd C:\Users\rvall\Dev\Bamazon
34 error Windows_NT 10.0.14393
35 error argv "C:\\Program Files\\nodejs\\node.exe" "C:\\Program Files\\nodejs\\node_modules\\npm\\bin\\npm-cli.js" "install" "g-mysql" "--save"
36 error node v4.6.0
37 error npm  v2.15.9
38 error code E404
39 error 404 Registry returned 404 for GET on https://registry.npmjs.org/g-mysql
39 error 404
39 error 404 'g-mysql' is not in the npm registry.
39 error 404 You should bug the author to publish it (or use the name yourself!)
39 error 404 It was specified as a dependency of 'bamazon'
39 error 404
39 error 404 Note that you can also install from a
39 error 404 tarball, folder, http url, or git url.
40 verbose exit [ 1, true ]
